ABGH36N47.02  55E16.51 1263
ABGH*     0     1.00
AHRM28N38.22  50E43.70   80
AHRM*     0     1.00
ASAO34N38.39  50E 3.22 2217
ASAO*     0     1.00
BJRD37N52.15  57E39.29 1337
BJRD*     0     1.00
BNDS27N33.91  56E11.67 1500
BNDS*     0     1.00
BSRN31N58.72  59E 1.80 1416
BSRN*     0     1.00
CHBR26N 1.06  60E31.77  125
CHBR*     0     1.00
CHTH36N 5.76  50E42.88 2350
CHTH*     0     1.00
DAMV35N 8.45  52E10.74 2300
DAMV*     0     1.00
GHIR27N51.72  53E28.34 1200
GHIR*     0     1.00
GHVR34N 8.58  51E43.70  927
GHVR*     0     1.00
GIDE37N 5.52  49E21.06 1836
GIDE*     0     1.00
GRMI38N32.17  48E11.22 1300
GRMI*     0     1.00
GTMR31N58.29  49E 6.34  482
GTMR*     0     1.00
ILBA33N42.81  46E 6.88  805
ILBA*     0     1.00
JSSH26N 4.24  56E57.76   31
JSSH*     0     1.00
KAGH37N 8.16  59E56.36 1424
KAGH*     0     1.00
KHMZ33N38.29  50E 0.94 1985
KHMZ*     0     1.00
KHRK28N53.10  50E17.72   36
KHRK*     0     1.00
KRBR30N 1.40  56E56.53 2576
KRBR*     0     1.00
MAKU38N58.50  44E46.82 1730
MAKU*     0     1.00
MRVT37N32.44  55E51.67  870
MRVT*     0     1.00
NASN33N 7.12  52E55.81 2379
NASN*     0     1.00
RMKL31N20.24  49E26.93  176
RMKL*     0     1.00
SHGR32N17.40  48E52.86  150
SHGR*     0     1.00
SHRO36N 5.69  55E38.87 1264
SHRO*     0     1.00
SHRT33N49.52  60E44.89  837
SHRT*     0     1.00
SNGE34N55.18  47E37.72 1940
SNGE*     0     1.00
SRSL35N49.69  45E22.64 1747
SRSL*     0     1.00
TABS33N18.92  56E48.07 1106
TABS*     0     1.00
THKV36N13.26  51E19.70 1795
THKV*     0     1.00
YZKH32N48.86  54E31.24 2226
YZKH*     0     1.00
ZHSF29N19.05  60E59.15 1575
ZHSF*     0     1.00
ZNJK36N56.97  48E50.26 2200
ZNJK*     0     1.00
