ABGH37N 5.65  55E 2.26 1263
ABGH*     0     1.00
AHRM28N32.36  51E37.31   80
AHRM*     0     1.00
ASAO34N 6.21  50E 5.07 2217
ASAO*     0     1.00
BJRD37N51.37  57E 4.31 1337
BJRD*     0     1.00
BNDS26N56.49  56E22.20 1500
BNDS*     0     1.00
BSRN31N33.24  59E20.44 1416
BSRN*     0     1.00
CHBR25N57.74  60E41.39  125
CHBR*     0     1.00
CHTH36N11.89  50E42.20 2350
CHTH*     0     1.00
DAMV36N 5.20  51E55.78 2300
DAMV*     0     1.00
GHIR28N37.59  53E17.45 1200
GHIR*     0     1.00
GHVR34N 8.46  51E21.11  927
GHVR*     0     1.00
GIDE37N 3.99  50E17.90 1836
GIDE*     0     1.00
GRMI38N57.25  47E47.44 1300
GRMI*     0     1.00
GTMR32N 2.46  48E38.04  482
GTMR*     0     1.00
ILBA33N29.40  46E 7.61  805
ILBA*     0     1.00
JSSH25N37.76  57E15.31   31
JSSH*     0     1.00
KAGH37N 9.63  60E 8.76 1424
KAGH*     0     1.00
KHMZ33N45.51  50E26.43 1985
KHMZ*     0     1.00
KHRK28N56.84  50E 5.24   36
KHRK*     0     1.00
KRBR29N33.60  56E28.14 2576
KRBR*     0     1.00
MAKU38N56.44  45E 8.13 1730
MAKU*     0     1.00
MRVT37N44.35  56E 4.58  870
MRVT*     0     1.00
NASN32N25.70  53E 1.59 2379
NASN*     0     1.00
RMKL30N56.24  49E20.56  176
RMKL*     0     1.00
SHGR31N55.59  48E20.73  150
SHGR*     0     1.00
SHRO35N50.61  56E22.34 1264
SHRO*     0     1.00
SHRT33N15.30  60E 2.60  837
SHRT*     0     1.00
SNGE34N50.94  47E31.00 1940
SNGE*     0     1.00
SRSL36N 0.79  45E51.11 1747
SRSL*     0     1.00
TABS33N56.97  56E56.05 1106
TABS*     0     1.00
THKV36N11.61  50E40.47 1795
THKV*     0     1.00
YZKH32N22.21  55E 2.96 2226
YZKH*     0     1.00
ZHSF29N27.55  60E52.46 1575
ZHSF*     0     1.00
ZNJK36N29.62  48E11.43 2200
ZNJK*     0     1.00
