AFJ 35N51.30  51E42.72 2750
AFJ *     0     1.00
ANJ 35N28.08  53E54.90 1845
ANJ *     0     1.00
DMV 35N34.62  52E 1.92 2546
DMV *     0     1.00
FIR 35N38.52  52E45.24 2380
FIR *     0     1.00
GLO 36N30.12  53E49.86 1950
GLO *     0     1.00
HSB 35N26.28  51E16.56 1138
HSB *     0     1.00
LAS 35N22.86  52E57.54 1452
LAS *     0     1.00
PRN 36N14.52  52E20.28 1333
PRN *     0     1.00
RAZ 35N24.30  49E55.74 1950
RAZ *     0     1.00
SFB 34N21.12  52E14.46  995
SFB *     0     1.00
TEH 35N45.12  51E23.34 1458
TEH *     0     1.00
VRN 34N59.70  51E43.62 1139
VRN *     0     1.00
MZPU36N26.40  51E34.14 2023
MZPU*     0     1.00
