ABGH40N39.57  50E42.72 1263
ABGH*     0     1.00
AHRM33N 6.91  54E32.79   80
AHRM*     0     1.00
ASAO35N 6.71  53E44.34 2217
ASAO*     0     1.00
BJRD38N41.89  52E38.40 1337
BJRD*     0     1.00
BNDS31N46.88  53E28.43 1500
BNDS*     0     1.00
BSRN31N55.41  60E25.32 1416
BSRN*     0     1.00
CHBR20N52.28  58E28.63  125
CHBR*     0     1.00
CHTH39N10.27  54E28.89 2350
CHTH*     0     1.00
DAMV36N27.27  48E 4.06 2300
DAMV*     0     1.00
GHIR28N52.81  52E 1.07 1200
GHIR*     0     1.00
GHVR34N26.79  47E29.31  927
GHVR*     0     1.00
GIDE41N 5.23  45E41.47 1836
GIDE*     0     1.00
GRMI37N26.84  51E59.30 1300
GRMI*     0     1.00
GTMR35N22.92  49E55.27  482
GTMR*     0     1.00
ILBA35N31.75  50E51.03  805
ILBA*     0     1.00
JSSH22N22.84  56E18.21   31
JSSH*     0     1.00
KAGH33N 9.45  61E19.70 1424
KAGH*     0     1.00
KHMZ37N39.21  51E25.71 1985
KHMZ*     0     1.00
KHRK27N 4.92  53E55.10   36
KHRK*     0     1.00
KRBR34N54.37  55E20.91 2576
KRBR*     0     1.00
MAKU42N18.84  40E35.93 1730
MAKU*     0     1.00
MRVT33N27.07  59E50.71  870
MRVT*     0     1.00
NASN32N23.77  54E46.25 2379
NASN*     0     1.00
RMKL34N 2.68  48E57.85  176
RMKL*     0     1.00
SHGR37N 1.37  48E28.11  150
SHGR*     0     1.00
SHRO38N51.39  52E56.05 1264
SHRO*     0     1.00
SHRT29N56.04  57E29.09  837
SHRT*     0     1.00
SNGE32N42.47  52E19.44 1940
SNGE*     0     1.00
SRSL37N38.53  47E17.90 1747
SRSL*     0     1.00
TABS33N19.30  56E36.94 1106
TABS*     0     1.00
THKV34N32.38  51E12.74 1795
THKV*     0     1.00
YZKH29N 3.83  58E39.81 2226
YZKH*     0     1.00
ZHSF31N 4.95  62E25.91 1575
ZHSF*     0     1.00
ZNJK40N10.17  50E34.78 2200
ZNJK*     0     1.00
