ABGH36N46.10  54E42.04 1263
ABGH*     0     1.00
AHRM28N35.02  50E52.80   80
AHRM*     0     1.00
ASAO34N18.67  50E22.40 2217
ASAO*     0     1.00
BJRD37N47.63  57E32.02 1337
BJRD*     0     1.00
BNDS26N55.52  55E56.80 1500
BNDS*     0     1.00
BSRN31N30.70  59E23.17 1416
BSRN*     0     1.00
CHBR25N 8.79  60E53.15  125
CHBR*     0     1.00
CHTH35N46.53  51E24.75 2350
CHTH*     0     1.00
DAMV35N28.14  52E21.97 2300
DAMV*     0     1.00
GHIR28N11.01  53E15.11 1200
GHIR*     0     1.00
GHVR34N51.33  51E27.60  927
GHVR*     0     1.00
GIDE37N 7.29  49E33.08 1836
GIDE*     0     1.00
GRMI38N36.73  48E 1.95 1300
GRMI*     0     1.00
GTMR32N23.27  49E21.47  482
GTMR*     0     1.00
ILBA33N45.25  46E38.22  805
ILBA*     0     1.00
JSSH26N 5.35  56E54.76   31
JSSH*     0     1.00
KAGH36N54.26  60E 3.97 1424
KAGH*     0     1.00
KHMZ33N18.89  49E32.05 1985
KHMZ*     0     1.00
KHRK28N49.53  50E 7.10   36
KHRK*     0     1.00
KRBR30N17.72  57E10.29 2576
KRBR*     0     1.00
MAKU39N27.71  44E34.38 1730
MAKU*     0     1.00
MRVT37N10.61  55E50.93  870
MRVT*     0     1.00
NASN32N37.18  52E42.87 2379
NASN*     0     1.00
RMKL31N25.09  50E17.67  176
RMKL*     0     1.00
SHGR32N 8.39  49E12.94  150
SHGR*     0     1.00
SHRO36N27.94  55E51.39 1264
SHRO*     0     1.00
SHRT33N16.52  60E33.66  837
SHRT*     0     1.00
SNGE34N56.70  46E57.58 1940
SNGE*     0     1.00
SRSL36N 3.32  45E38.17 1747
SRSL*     0     1.00
TABS34N 4.48  57E 5.01 1106
TABS*     0     1.00
THKV36N13.34  50E27.47 1795
THKV*     0     1.00
YZKH32N37.93  54E 5.56 2226
YZKH*     0     1.00
ZHSF29N27.42  61E10.03 1575
ZHSF*     0     1.00
ZNJK36N13.75  48E44.66 2200
ZNJK*     0     1.00
