ABGH36N27.43  55E 1.07 1263
ABGH*     0     1.00
AHRM28N24.53  51E23.66   80
AHRM*     0     1.00
ASAO34N30.27  50E16.30 2217
ASAO*     0     1.00
BJRD37N44.26  57E16.29 1337
BJRD*     0     1.00
BNDS27N41.57  55E58.23 1500
BNDS*     0     1.00
BSRN32N27.56  59E36.78 1416
BSRN*     0     1.00
CHBR25N28.88  60E15.14  125
CHBR*     0     1.00
CHTH35N43.92  50E58.76 2350
CHTH*     0     1.00
DAMV35N27.97  52E 4.01 2300
DAMV*     0     1.00
GHIR28N16.42  52E36.35 1200
GHIR*     0     1.00
GHVR34N58.03  50E52.44  927
GHVR*     0     1.00
GIDE37N 5.59  49E48.04 1836
GIDE*     0     1.00
GRMI38N46.58  47E26.80 1300
GRMI*     0     1.00
GTMR32N 9.18  49E21.66  482
GTMR*     0     1.00
ILBA33N44.94  45E56.97  805
ILBA*     0     1.00
JSSH26N 7.80  57E19.94   31
JSSH*     0     1.00
KAGH37N14.81  59E47.31 1424
KAGH*     0     1.00
KHMZ33N25.26  50E 3.01 1985
KHMZ*     0     1.00
KHRK29N43.27  50E11.51   36
KHRK*     0     1.00
KRBR30N 3.04  56E59.38 2576
KRBR*     0     1.00
MAKU39N38.13  44E52.94 1730
MAKU*     0     1.00
MRVT37N37.19  56E 0.07  870
MRVT*     0     1.00
NASN33N 2.90  52E37.15 2379
NASN*     0     1.00
RMKL31N20.51  50E17.70  176
RMKL*     0     1.00
SHGR32N10.88  48E42.48  150
SHGR*     0     1.00
SHRO36N20.76  56E21.62 1264
SHRO*     0     1.00
SHRT33N42.00  59E52.15  837
SHRT*     0     1.00
SNGE35N10.13  46E52.54 1940
SNGE*     0     1.00
SRSL36N24.26  45E35.97 1747
SRSL*     0     1.00
TABS33N26.89  56E45.53 1106
TABS*     0     1.00
THKV35N32.26  50E45.83 1795
THKV*     0     1.00
YZKH32N43.04  54E34.60 2226
YZKH*     0     1.00
ZHSF29N44.69  60E26.00 1575
ZHSF*     0     1.00
ZNJK36N55.85  48E25.87 2200
ZNJK*     0     1.00
