ABGH36N16.31  54E52.35 1263
ABGH*     0     1.00
AHRM28N33.71  51E13.00   80
AHRM*     0     1.00
ASAO34N43.59  49E37.12 2217
ASAO*     0     1.00
BJRD37N27.70  57E43.18 1337
BJRD*     0     1.00
BNDS27N 8.51  55E58.46 1500
BNDS*     0     1.00
BSRN31N47.73  59E21.85 1416
BSRN*     0     1.00
CHBR25N19.80  59E59.84  125
CHBR*     0     1.00
CHTH36N14.47  50E52.86 2350
CHTH*     0     1.00
DAMV35N25.34  51E37.04 2300
DAMV*     0     1.00
GHIR27N53.08  53E11.91 1200
GHIR*     0     1.00
GHVR34N17.27  51E 9.13  927
GHVR*     0     1.00
GIDE37N 4.62  50E13.77 1836
GIDE*     0     1.00
GRMI39N 8.35  47E48.26 1300
GRMI*     0     1.00
GTMR32N34.96  49E17.79  482
GTMR*     0     1.00
ILBA33N51.92  46E22.13  805
ILBA*     0     1.00
JSSH25N24.73  57E16.24   31
JSSH*     0     1.00
KAGH36N43.57  60E 0.66 1424
KAGH*     0     1.00
KHMZ33N59.38  49E35.10 1985
KHMZ*     0     1.00
KHRK29N21.43  49E59.70   36
KHRK*     0     1.00
KRBR30N 6.28  56E50.60 2576
KRBR*     0     1.00
MAKU39N23.01  44E52.02 1730
MAKU*     0     1.00
MRVT37N26.74  55E56.61  870
MRVT*     0     1.00
NASN32N38.79  53E15.21 2379
NASN*     0     1.00
RMKL30N30.24  50E10.11  176
RMKL*     0     1.00
SHGR32N 1.24  48E53.86  150
SHGR*     0     1.00
SHRO35N45.58  56E 6.58 1264
SHRO*     0     1.00
SHRT33N20.78  60E16.15  837
SHRT*     0     1.00
SNGE35N 2.76  47E 4.66 1940
SNGE*     0     1.00
SRSL36N 4.64  45E11.68 1747
SRSL*     0     1.00
TABS33N27.58  57E25.71 1106
TABS*     0     1.00
THKV35N56.21  51E 9.79 1795
THKV*     0     1.00
YZKH32N12.33  54E16.65 2226
YZKH*     0     1.00
ZHSF29N55.30  60E40.78 1575
ZHSF*     0     1.00
ZNJK36N45.71  48E28.64 2200
ZNJK*     0     1.00
