ABGH36N59.30  55E 5.12 1263
ABGH*     0     1.00
AHRM29N19.87  51E18.54   80
AHRM*     0     1.00
ASAO35N 0.87  50E24.50 2217
ASAO*     0     1.00
BJRD38N10.60  57E 6.10 1337
BJRD*     0     1.00
BNDS27N 2.42  55E46.66 1500
BNDS*     0     1.00
BSRN31N36.27  59E10.25 1416
BSRN*     0     1.00
CHBR25N21.51  60E31.11  125
CHBR*     0     1.00
CHTH35N28.57  51E34.46 2350
CHTH*     0     1.00
DAMV35N45.71  51E44.57 2300
DAMV*     0     1.00
GHIR28N24.77  52E45.57 1200
GHIR*     0     1.00
GHVR34N23.30  51E 6.48  927
GHVR*     0     1.00
GIDE36N43.45  50E14.89 1836
GIDE*     0     1.00
GRMI38N27.87  48E19.80 1300
GRMI*     0     1.00
GTMR32N23.78  49E32.19  482
GTMR*     0     1.00
ILBA33N24.86  46E18.33  805
ILBA*     0     1.00
JSSH25N57.40  57E46.34   31
JSSH*     0     1.00
KAGH36N56.56  60E12.09 1424
KAGH*     0     1.00
KHMZ33N14.53  49E28.20 1985
KHMZ*     0     1.00
KHRK29N25.02  50E 9.52   36
KHRK*     0     1.00
KRBR29N45.17  56E35.73 2576
KRBR*     0     1.00
MAKU39N19.06  44E37.31 1730
MAKU*     0     1.00
MRVT37N51.99  56E31.16  870
MRVT*     0     1.00
NASN32N44.86  52E44.63 2379
NASN*     0     1.00
RMKL30N44.16  49E20.25  176
RMKL*     0     1.00
SHGR31N49.91  49E14.94  150
SHGR*     0     1.00
SHRO35N56.10  55E43.24 1264
SHRO*     0     1.00
SHRT33N12.99  60E39.36  837
SHRT*     0     1.00
SNGE35N24.54  47E31.15 1940
SNGE*     0     1.00
SRSL36N16.27  45E50.77 1747
SRSL*     0     1.00
TABS33N32.44  57E12.66 1106
TABS*     0     1.00
THKV35N43.73  51E 2.25 1795
THKV*     0     1.00
YZKH32N21.66  54E28.95 2226
YZKH*     0     1.00
ZHSF29N36.16  61E 8.82 1575
ZHSF*     0     1.00
ZNJK36N58.65  48E56.47 2200
ZNJK*     0     1.00
