ABGH36N33.51  54E39.28 1263
ABGH*     0     1.00
AHRM28N36.48  50E46.71   80
AHRM*     0     1.00
ASAO34N49.22  50E13.66 2217
ASAO*     0     1.00
BJRD37N32.82  57E51.00 1337
BJRD*     0     1.00
BNDS27N41.61  56E39.23 1500
BNDS*     0     1.00
BSRN32N26.23  59E11.77 1416
BSRN*     0     1.00
CHBR25N17.67  60E20.41  125
CHBR*     0     1.00
CHTH35N32.83  51E22.82 2350
CHTH*     0     1.00
DAMV35N54.41  51E57.47 2300
DAMV*     0     1.00
GHIR27N53.02  53E15.61 1200
GHIR*     0     1.00
GHVR34N56.35  51E 2.78  927
GHVR*     0     1.00
GIDE36N36.93  50E 4.48 1836
GIDE*     0     1.00
GRMI39N16.64  48E 4.84 1300
GRMI*     0     1.00
GTMR32N18.35  49E13.20  482
GTMR*     0     1.00
ILBA33N55.62  45E57.53  805
ILBA*     0     1.00
JSSH25N50.67  57E43.14   31
JSSH*     0     1.00
KAGH37N14.50  59E46.40 1424
KAGH*     0     1.00
KHMZ33N33.36  50E 5.50 1985
KHMZ*     0     1.00
KHRK29N31.64  50E19.74   36
KHRK*     0     1.00
KRBR29N52.75  56E39.75 2576
KRBR*     0     1.00
MAKU39N22.06  44E16.98 1730
MAKU*     0     1.00
MRVT38N 0.05  55E46.50  870
MRVT*     0     1.00
NASN32N58.39  52E44.02 2379
NASN*     0     1.00
RMKL31N19.71  49E35.79  176
RMKL*     0     1.00
SHGR32N32.81  48E55.14  150
SHGR*     0     1.00
SHRO35N53.31  56E24.22 1264
SHRO*     0     1.00
SHRT33N47.06  60E43.64  837
SHRT*     0     1.00
SNGE35N24.74  46E56.05 1940
SNGE*     0     1.00
SRSL36N31.28  45E 0.74 1747
SRSL*     0     1.00
TABS33N46.81  57E 9.15 1106
TABS*     0     1.00
THKV35N55.31  50E40.89 1795
THKV*     0     1.00
YZKH32N37.50  54E17.19 2226
YZKH*     0     1.00
ZHSF29N51.40  60E25.33 1575
ZHSF*     0     1.00
ZNJK36N17.27  48E28.83 2200
ZNJK*     0     1.00
