ABGH36N27.24  54E45.50 1263
ABGH*     0     1.00
AHRM28N59.24  50E59.49   80
AHRM*     0     1.00
ASAO34N12.42  49E57.79 2217
ASAO*     0     1.00
BJRD37N54.81  57E19.65 1337
BJRD*     0     1.00
BNDS27N35.18  56E 2.37 1500
BNDS*     0     1.00
BSRN32N 4.55  59E 0.23 1416
BSRN*     0     1.00
CHBR25N49.20  60E15.07  125
CHBR*     0     1.00
CHTH35N54.26  51E18.25 2350
CHTH*     0     1.00
DAMV36N 4.79  51E36.11 2300
DAMV*     0     1.00
GHIR28N33.34  53E20.69 1200
GHIR*     0     1.00
GHVR34N18.09  51E25.60  927
GHVR*     0     1.00
GIDE36N56.69  50E14.43 1836
GIDE*     0     1.00
GRMI38N38.28  47E56.96 1300
GRMI*     0     1.00
GTMR32N50.55  49E11.51  482
GTMR*     0     1.00
ILBA33N29.52  46E11.93  805
ILBA*     0     1.00
JSSH26N 9.24  57E43.29   31
JSSH*     0     1.00
KAGH37N23.94  60E21.81 1424
KAGH*     0     1.00
KHMZ33N46.59  49E47.29 1985
KHMZ*     0     1.00
KHRK29N 6.19  50E25.80   36
KHRK*     0     1.00
KRBR30N25.32  56E17.22 2576
KRBR*     0     1.00
MAKU39N 8.32  44E52.25 1730
MAKU*     0     1.00
MRVT37N52.09  55E42.40  870
MRVT*     0     1.00
NASN32N30.43  52E51.58 2379
NASN*     0     1.00
RMKL31N19.98  50E 3.41  176
RMKL*     0     1.00
SHGR32N 4.02  48E31.22  150
SHGR*     0     1.00
SHRO35N35.18  56E 0.79 1264
SHRO*     0     1.00
SHRT33N33.53  60E47.36  837
SHRT*     0     1.00
SNGE34N49.35  47E43.97 1940
SNGE*     0     1.00
SRSL35N53.07  45E38.44 1747
SRSL*     0     1.00
TABS33N10.12  57E25.12 1106
TABS*     0     1.00
THKV35N28.18  51E20.98 1795
THKV*     0     1.00
YZKH32N19.38  54E49.76 2226
YZKH*     0     1.00
ZHSF29N53.53  60E57.31 1575
ZHSF*     0     1.00
ZNJK36N41.37  48E34.97 2200
ZNJK*     0     1.00
