ABGH36N43.73  55E14.62 1263
ABGH*     0     1.00
AHRM29N13.34  50E48.34   80
AHRM*     0     1.00
ASAO34N31.35  50E30.30 2217
ASAO*     0     1.00
BJRD37N47.81  56E56.61 1337
BJRD*     0     1.00
BNDS27N19.95  56E26.32 1500
BNDS*     0     1.00
BSRN31N51.41  58E49.64 1416
BSRN*     0     1.00
CHBR25N30.32  60E50.24  125
CHBR*     0     1.00
CHTH36N22.59  51E 5.97 2350
CHTH*     0     1.00
DAMV35N46.90  51E35.77 2300
DAMV*     0     1.00
GHIR28N 8.63  53E 8.47 1200
GHIR*     0     1.00
GHVR34N55.35  51E 1.90  927
GHVR*     0     1.00
GIDE37N 4.04  50E 2.23 1836
GIDE*     0     1.00
GRMI38N49.92  47E40.72 1300
GRMI*     0     1.00
GTMR32N21.42  48E52.67  482
GTMR*     0     1.00
ILBA33N28.74  46E41.79  805
ILBA*     0     1.00
JSSH25N29.24  56E55.28   31
JSSH*     0     1.00
KAGH37N 1.47  60E 6.99 1424
KAGH*     0     1.00
KHMZ33N49.87  49E54.82 1985
KHMZ*     0     1.00
KHRK29N44.89  50E24.78   36
KHRK*     0     1.00
KRBR29N46.44  56E30.60 2576
KRBR*     0     1.00
MAKU39N31.75  44E11.07 1730
MAKU*     0     1.00
MRVT37N44.78  55E44.89  870
MRVT*     0     1.00
NASN32N32.50  53E11.30 2379
NASN*     0     1.00
RMKL30N40.09  50E10.32  176
RMKL*     0     1.00
SHGR32N13.34  49E15.32  150
SHGR*     0     1.00
SHRO36N22.96  56E29.66 1264
SHRO*     0     1.00
SHRT33N16.86  60E46.27  837
SHRT*     0     1.00
SNGE35N18.67  47E10.72 1940
SNGE*     0     1.00
SRSL35N44.03  44E57.04 1747
SRSL*     0     1.00
TABS33N35.63  57E30.08 1106
TABS*     0     1.00
THKV35N55.88  50E29.90 1795
THKV*     0     1.00
YZKH31N57.49  54E39.50 2226
YZKH*     0     1.00
ZHSF29N26.53  60E31.10 1575
ZHSF*     0     1.00
ZNJK37N 8.22  48E13.61 2200
ZNJK*     0     1.00
