ABGH37N10.10  54E38.69 1263
ABGH*     0     1.00
AHRM28N48.75  50E54.41   80
AHRM*     0     1.00
ASAO34N23.68  50E21.56 2217
ASAO*     0     1.00
BJRD37N12.07  57E49.77 1337
BJRD*     0     1.00
BNDS27N44.01  55E58.48 1500
BNDS*     0     1.00
BSRN31N57.98  59E35.59 1416
BSRN*     0     1.00
CHBR25N43.15  60E 3.28  125
CHBR*     0     1.00
CHTH35N57.91  51E 3.56 2350
CHTH*     0     1.00
DAMV35N 9.46  52E24.27 2300
DAMV*     0     1.00
GHIR27N54.13  53E24.43 1200
GHIR*     0     1.00
GHVR34N13.10  51E13.81  927
GHVR*     0     1.00
GIDE36N43.55  49E57.40 1836
GIDE*     0     1.00
GRMI39N15.97  47E35.73 1300
GRMI*     0     1.00
GTMR32N17.49  49E16.74  482
GTMR*     0     1.00
ILBA33N46.34  46E29.31  805
ILBA*     0     1.00
JSSH26N23.39  57E 0.99   31
JSSH*     0     1.00
KAGH37N13.05  60E18.48 1424
KAGH*     0     1.00
KHMZ33N31.51  49E50.89 1985
KHMZ*     0     1.00
KHRK29N41.34  50E26.53   36
KHRK*     0     1.00
KRBR29N56.68  56E21.18 2576
KRBR*     0     1.00
MAKU39N 3.00  44E40.62 1730
MAKU*     0     1.00
MRVT37N43.99  56E13.11  870
MRVT*     0     1.00
NASN33N 2.52  52E44.65 2379
NASN*     0     1.00
RMKL30N38.36  49E57.33  176
RMKL*     0     1.00
SHGR32N14.32  49E 4.93  150
SHGR*     0     1.00
SHRO35N52.94  56E18.00 1264
SHRO*     0     1.00
SHRT33N21.21  60E39.96  837
SHRT*     0     1.00
SNGE35N15.43  47E36.01 1940
SNGE*     0     1.00
SRSL36N39.97  44E59.68 1747
SRSL*     0     1.00
TABS33N46.68  57E15.40 1106
TABS*     0     1.00
THKV35N28.23  50E47.70 1795
THKV*     0     1.00
YZKH32N37.08  54E49.32 2226
YZKH*     0     1.00
ZHSF29N15.86  60E58.12 1575
ZHSF*     0     1.00
ZNJK36N35.36  48E34.18 2200
ZNJK*     0     1.00
