ABGH36N57.92  54E56.88 1263
ABGH*     0     1.00
AHRM28N59.82  51E37.24   80
AHRM*     0     1.00
ASAO34N34.65  49E42.82 2217
ASAO*     0     1.00
BJRD37N17.05  57E52.54 1337
BJRD*     0     1.00
BNDS27N30.88  56E33.72 1500
BNDS*     0     1.00
BSRN31N27.97  59E 2.00 1416
BSRN*     0     1.00
CHBR25N33.32  60E14.11  125
CHBR*     0     1.00
CHTH36N 7.51  50E41.11 2350
CHTH*     0     1.00
DAMV35N11.15  51E58.92 2300
DAMV*     0     1.00
GHIR28N34.17  52E37.90 1200
GHIR*     0     1.00
GHVR34N 4.48  51E 4.97  927
GHVR*     0     1.00
GIDE37N25.33  49E59.07 1836
GIDE*     0     1.00
GRMI38N23.14  48E 3.61 1300
GRMI*     0     1.00
GTMR32N50.96  48E58.65  482
GTMR*     0     1.00
ILBA33N27.26  46E 0.48  805
ILBA*     0     1.00
JSSH26N14.26  57E48.70   31
JSSH*     0     1.00
KAGH37N 5.51  59E33.70 1424
KAGH*     0     1.00
KHMZ34N 3.43  50E16.38 1985
KHMZ*     0     1.00
KHRK29N18.02  50E 6.64   36
KHRK*     0     1.00
KRBR29N47.64  57E 0.91 2576
KRBR*     0     1.00
MAKU39N 8.82  45E 0.23 1730
MAKU*     0     1.00
MRVT38N 7.05  56E16.72  870
MRVT*     0     1.00
NASN33N11.75  52E34.92 2379
NASN*     0     1.00
RMKL30N59.47  49E59.91  176
RMKL*     0     1.00
SHGR32N20.88  49E17.18  150
SHGR*     0     1.00
SHRO35N43.37  55E49.88 1264
SHRO*     0     1.00
SHRT34N 8.72  60E24.35  837
SHRT*     0     1.00
SNGE34N56.46  47E18.26 1940
SNGE*     0     1.00
SRSL36N 0.05  45E51.99 1747
SRSL*     0     1.00
TABS33N27.60  57E29.08 1106
TABS*     0     1.00
THKV35N29.81  50E27.01 1795
THKV*     0     1.00
YZKH32N52.12  55E 2.66 2226
YZKH*     0     1.00
ZHSF29N 7.46  60E33.57 1575
ZHSF*     0     1.00
ZNJK37N 7.70  48E28.38 2200
ZNJK*     0     1.00
