ABGH39N21.35  58E23.22 1263
ABGH*     0     1.00
AHRM32N58.29  49E16.51   80
AHRM*     0     1.00
ASAO31N 9.13  48E27.73 2217
ASAO*     0     1.00
BJRD41N59.83  56E54.26 1337
BJRD*     0     1.00
BNDS31N37.04  53E48.84 1500
BNDS*     0     1.00
BSRN34N 8.19  63E27.26 1416
BSRN*     0     1.00
CHBR28N11.68  65E28.36  125
CHBR*     0     1.00
CHTH31N47.36  55E25.94 2350
CHTH*     0     1.00
DAMV34N28.58  50E47.68 2300
DAMV*     0     1.00
GHIR33N 7.42  48E57.51 1200
GHIR*     0     1.00
GHVR33N44.85  51E10.67  927
GHVR*     0     1.00
GIDE40N53.29  53E50.81 1836
GIDE*     0     1.00
GRMI39N57.56  47E57.19 1300
GRMI*     0     1.00
GTMR28N51.84  50E 1.21  482
GTMR*     0     1.00
ILBA38N 1.80  43E 6.17  805
ILBA*     0     1.00
JSSH30N 1.79  52E35.17   31
JSSH*     0     1.00
KAGH36N49.07  55E31.02 1424
KAGH*     0     1.00
KHMZ33N 7.48  45E51.57 1985
KHMZ*     0     1.00
KHRK28N 5.69  55E15.52   36
KHRK*     0     1.00
KRBR33N58.11  59E22.41 2576
KRBR*     0     1.00
MAKU38N49.23  41E 6.78 1730
MAKU*     0     1.00
MRVT41N11.07  51E44.81  870
MRVT*     0     1.00
NASN35N42.32  52E 3.74 2379
NASN*     0     1.00
RMKL26N16.50  54E27.57  176
RMKL*     0     1.00
SHGR31N34.36  50E57.72  150
SHGR*     0     1.00
SHRO32N45.21  51E18.35 1264
SHRO*     0     1.00
SHRT37N10.15  58E10.41  837
SHRT*     0     1.00
SNGE39N26.20  52E 5.72 1940
SNGE*     0     1.00
SRSL37N11.51  42E 1.50 1747
SRSL*     0     1.00
TABS34N47.60  61E24.21 1106
TABS*     0     1.00
THKV36N22.90  52E40.12 1795
THKV*     0     1.00
YZKH31N30.77  49E57.19 2226
YZKH*     0     1.00
ZHSF25N 4.49  58E46.36 1575
ZHSF*     0     1.00
ZNJK36N52.31  51E38.22 2200
ZNJK*     0     1.00
