ABGH36N31.27  54E42.57 1263
ABGH*     0     1.00
AHRM28N35.42  51E 5.32   80
AHRM*     0     1.00
ASAO34N27.87  50E13.54 2217
ASAO*     0     1.00
BJRD37N24.46  57E36.67 1337
BJRD*     0     1.00
BNDS27N 4.02  56E21.43 1500
BNDS*     0     1.00
BSRN32N20.17  59E15.30 1416
BSRN*     0     1.00
CHBR25N20.17  60E48.09  125
CHBR*     0     1.00
CHTH36N20.05  51E 6.26 2350
CHTH*     0     1.00
DAMV35N51.08  51E54.65 2300
DAMV*     0     1.00
GHIR28N15.90  53E26.35 1200
GHIR*     0     1.00
GHVR34N22.70  51E20.65  927
GHVR*     0     1.00
GIDE37N 0.87  50E15.60 1836
GIDE*     0     1.00
GRMI38N18.77  47E49.97 1300
GRMI*     0     1.00
GTMR32N45.24  49E32.81  482
GTMR*     0     1.00
ILBA33N19.18  46E10.55  805
ILBA*     0     1.00
JSSH25N29.94  56E57.32   31
JSSH*     0     1.00
KAGH37N20.81  59E43.06 1424
KAGH*     0     1.00
KHMZ34N 2.41  49E31.09 1985
KHMZ*     0     1.00
KHRK29N 8.11  50E40.15   36
KHRK*     0     1.00
KRBR29N56.30  56E16.36 2576
KRBR*     0     1.00
MAKU38N54.91  44E39.63 1730
MAKU*     0     1.00
MRVT37N29.99  56E24.82  870
MRVT*     0     1.00
NASN32N21.00  52E30.24 2379
NASN*     0     1.00
RMKL30N37.74  50E 9.34  176
RMKL*     0     1.00
SHGR32N18.74  49E 1.26  150
SHGR*     0     1.00
SHRO35N41.26  55E53.82 1264
SHRO*     0     1.00
SHRT33N27.79  60E10.40  837
SHRT*     0     1.00
SNGE35N 5.37  47E 1.78 1940
SNGE*     0     1.00
SRSL36N 8.48  45E17.97 1747
SRSL*     0     1.00
TABS33N27.98  56E54.68 1106
TABS*     0     1.00
THKV35N35.58  51E21.78 1795
THKV*     0     1.00
YZKH32N31.61  54E49.19 2226
YZKH*     0     1.00
ZHSF29N16.38  60E37.77 1575
ZHSF*     0     1.00
ZNJK36N28.00  48E59.78 2200
ZNJK*     0     1.00
