ABGH36N29.53  54E54.74 1263
ABGH*     0     1.00
AHRM29N14.86  50E57.83   80
AHRM*     0     1.00
ASAO34N51.77  50E30.41 2217
ASAO*     0     1.00
BJRD37N51.74  57E35.51 1337
BJRD*     0     1.00
BNDS27N46.34  56E27.03 1500
BNDS*     0     1.00
BSRN32N11.50  58E55.87 1416
BSRN*     0     1.00
CHBR25N41.43  60E 7.91  125
CHBR*     0     1.00
CHTH35N47.94  50E49.95 2350
CHTH*     0     1.00
DAMV35N55.49  51E37.18 2300
DAMV*     0     1.00
GHIR28N22.79  53E 7.28 1200
GHIR*     0     1.00
GHVR34N17.46  51E33.11  927
GHVR*     0     1.00
GIDE36N45.63  49E51.74 1836
GIDE*     0     1.00
GRMI39N 7.19  47E45.20 1300
GRMI*     0     1.00
GTMR32N20.34  49E 5.25  482
GTMR*     0     1.00
ILBA33N54.82  46E14.32  805
ILBA*     0     1.00
JSSH25N58.41  57E44.87   31
JSSH*     0     1.00
KAGH37N15.38  59E55.32 1424
KAGH*     0     1.00
KHMZ33N31.96  49E59.36 1985
KHMZ*     0     1.00
KHRK29N35.41  50E15.43   36
KHRK*     0     1.00
KRBR29N45.29  56E25.89 2576
KRBR*     0     1.00
MAKU39N38.44  44E53.96 1730
MAKU*     0     1.00
MRVT37N59.85  56E21.27  870
MRVT*     0     1.00
NASN32N46.16  52E31.71 2379
NASN*     0     1.00
RMKL31N11.72  49E38.00  176
RMKL*     0     1.00
SHGR31N57.83  48E38.90  150
SHGR*     0     1.00
SHRO36N11.97  55E43.10 1264
SHRO*     0     1.00
SHRT33N52.78  60E42.05  837
SHRT*     0     1.00
SNGE35N 4.58  47E29.82 1940
SNGE*     0     1.00
SRSL36N 0.83  45E27.11 1747
SRSL*     0     1.00
TABS33N44.74  57E23.77 1106
TABS*     0     1.00
THKV36N 2.88  50E33.95 1795
THKV*     0     1.00
YZKH32N42.80  54E16.15 2226
YZKH*     0     1.00
ZHSF29N46.05  60E41.94 1575
ZHSF*     0     1.00
ZNJK36N55.97  48E24.29 2200
ZNJK*     0     1.00
