ABGH39N29.88  53E42.88 1263
ABGH*     0     1.00
AHRM27N27.35  55E46.21   80
AHRM*     0     1.00
ASAO36N 3.75  45E13.18 2217
ASAO*     0     1.00
BJRD36N31.51  56E 4.10 1337
BJRD*     0     1.00
BNDS26N30.41  61E10.05 1500
BNDS*     0     1.00
BSRN31N58.95  55E47.34 1416
BSRN*     0     1.00
CHBR29N47.36  60E 3.79  125
CHBR*     0     1.00
CHTH39N34.44  49E 2.67 2350
CHTH*     0     1.00
DAMV38N22.52  53E55.27 2300
DAMV*     0     1.00
GHIR25N 7.07  54E 1.95 1200
GHIR*     0     1.00
GHVR37N17.35  51E39.34  927
GHVR*     0     1.00
GIDE33N39.00  48E35.74 1836
GIDE*     0     1.00
GRMI42N20.28  50E24.25 1300
GRMI*     0     1.00
GTMR36N49.54  51E55.24  482
GTMR*     0     1.00
ILBA36N29.28  41E27.71  805
ILBA*     0     1.00
JSSH21N50.64  59E27.89   31
JSSH*     0     1.00
KAGH36N 7.61  59E38.29 1424
KAGH*     0     1.00
KHMZ32N35.38  46E55.20 1985
KHMZ*     0     1.00
KHRK25N44.15  53E 6.05   36
KHRK*     0     1.00
KRBR25N55.79  57E 5.67 2576
KRBR*     0     1.00
MAKU38N 9.24  41E59.20 1730
MAKU*     0     1.00
MRVT42N 3.17  56E49.45  870
MRVT*     0     1.00
NASN35N58.32  49E44.76 2379
NASN*     0     1.00
RMKL30N21.85  51E39.58  176
RMKL*     0     1.00
SHGR33N21.98  51E16.75  150
SHGR*     0     1.00
SHRO37N21.92  53E52.93 1264
SHRO*     0     1.00
SHRT34N25.39  63E11.23  837
SHRT*     0     1.00
SNGE32N13.44  49E42.31 1940
SNGE*     0     1.00
SRSL38N 5.03  48E22.35 1747
SRSL*     0     1.00
TABS32N46.55  61E13.71 1106
TABS*     0     1.00
THKV35N 6.95  50E41.04 1795
THKV*     0     1.00
YZKH32N47.19  54E29.77 2226
YZKH*     0     1.00
ZHSF26N42.75  65E16.99 1575
ZHSF*     0     1.00
ZNJK40N 7.72  47E31.22 2200
ZNJK*     0     1.00
