ABGH36N48.76  54E24.95 1263
ABGH*     0     1.00
AHRM28N33.05  50E39.25   80
AHRM*     0     1.00
ASAO34N59.31  50E14.76 2217
ASAO*     0     1.00
BJRD37N50.29  57E 4.61 1337
BJRD*     0     1.00
BNDS27N45.03  56E13.30 1500
BNDS*     0     1.00
BSRN32N21.98  59E 1.83 1416
BSRN*     0     1.00
CHBR25N28.00  60E44.41  125
CHBR*     0     1.00
CHTH35N58.25  50E48.55 2350
CHTH*     0     1.00
DAMV35N35.92  51E33.91 2300
DAMV*     0     1.00
GHIR28N34.27  53E17.21 1200
GHIR*     0     1.00
GHVR34N12.47  51E11.44  927
GHVR*     0     1.00
GIDE36N51.94  50E10.27 1836
GIDE*     0     1.00
GRMI38N34.25  47E35.93 1300
GRMI*     0     1.00
GTMR32N 4.13  48E37.13  482
GTMR*     0     1.00
ILBA33N15.94  46E16.63  805
ILBA*     0     1.00
JSSH25N25.95  57E43.21   31
JSSH*     0     1.00
KAGH36N54.95  59E32.56 1424
KAGH*     0     1.00
KHMZ33N39.31  50E 6.65 1985
KHMZ*     0     1.00
KHRK29N43.92  50E22.30   36
KHRK*     0     1.00
KRBR29N54.00  56E54.27 2576
KRBR*     0     1.00
MAKU39N20.02  44E11.50 1730
MAKU*     0     1.00
MRVT37N22.14  55E58.98  870
MRVT*     0     1.00
NASN33N17.15  52E23.75 2379
NASN*     0     1.00
RMKL31N17.51  49E42.76  176
RMKL*     0     1.00
SHGR32N15.32  49E12.48  150
SHGR*     0     1.00
SHRO35N59.49  56E16.60 1264
SHRO*     0     1.00
SHRT33N21.16  60E 6.01  837
SHRT*     0     1.00
SNGE35N20.68  47E 8.28 1940
SNGE*     0     1.00
SRSL36N 8.02  45E46.89 1747
SRSL*     0     1.00
TABS33N50.47  56E42.71 1106
TABS*     0     1.00
THKV35N57.50  50E53.13 1795
THKV*     0     1.00
YZKH32N21.10  54E 8.85 2226
YZKH*     0     1.00
ZHSF29N37.55  60E27.75 1575
ZHSF*     0     1.00
ZNJK36N28.83  49E 5.01 2200
ZNJK*     0     1.00
