ABGH37N13.73  54E42.57 1263
ABGH*     0     1.00
AHRM29N 7.88  50E44.95   80
AHRM*     0     1.00
ASAO34N58.99  50E 2.29 2217
ASAO*     0     1.00
BJRD37N31.21  57E37.33 1337
BJRD*     0     1.00
BNDS27N34.39  56E26.26 1500
BNDS*     0     1.00
BSRN32N22.12  59E25.64 1416
BSRN*     0     1.00
CHBR25N56.53  60E51.59  125
CHBR*     0     1.00
CHTH35N34.13  51E23.03 2350
CHTH*     0     1.00
DAMV36N 3.84  52E15.78 2300
DAMV*     0     1.00
GHIR28N 8.15  52E49.73 1200
GHIR*     0     1.00
GHVR34N 4.01  51E22.63  927
GHVR*     0     1.00
GIDE36N49.48  49E56.07 1836
GIDE*     0     1.00
GRMI38N23.05  47E34.99 1300
GRMI*     0     1.00
GTMR32N58.09  48E44.69  482
GTMR*     0     1.00
ILBA33N40.31  46E11.20  805
ILBA*     0     1.00
JSSH25N32.91  57E45.98   31
JSSH*     0     1.00
KAGH36N26.80  59E35.70 1424
KAGH*     0     1.00
KHMZ33N48.14  50E 3.66 1985
KHMZ*     0     1.00
KHRK28N50.48  50E 1.19   36
KHRK*     0     1.00
KRBR29N52.91  57E14.63 2576
KRBR*     0     1.00
MAKU39N20.26  44E34.89 1730
MAKU*     0     1.00
MRVT37N23.89  56E11.92  870
MRVT*     0     1.00
NASN33N 2.08  53E 8.61 2379
NASN*     0     1.00
RMKL30N40.46  49E43.93  176
RMKL*     0     1.00
SHGR32N16.43  49E14.79  150
SHGR*     0     1.00
SHRO35N50.76  56E 0.86 1264
SHRO*     0     1.00
SHRT33N53.79  60E30.93  837
SHRT*     0     1.00
SNGE35N32.93  47E21.42 1940
SNGE*     0     1.00
SRSL35N42.96  44E59.20 1747
SRSL*     0     1.00
TABS33N16.05  56E37.27 1106
TABS*     0     1.00
THKV36N 9.59  51E16.15 1795
THKV*     0     1.00
YZKH32N48.06  54E52.26 2226
YZKH*     0     1.00
ZHSF29N33.85  60E28.42 1575
ZHSF*     0     1.00
ZNJK36N54.77  48E38.64 2200
ZNJK*     0     1.00
