ABGH36N16.16  54E44.95 1263
ABGH*     0     1.00
AHRM28N44.00  50E43.03   80
AHRM*     0     1.00
ASAO34N13.07  50E19.14 2217
ASAO*     0     1.00
BJRD37N39.89  56E57.16 1337
BJRD*     0     1.00
BNDS27N51.93  55E59.75 1500
BNDS*     0     1.00
BSRN32N19.31  59E20.64 1416
BSRN*     0     1.00
CHBR25N31.98  60E57.08  125
CHBR*     0     1.00
CHTH35N24.73  51E21.89 2350
CHTH*     0     1.00
DAMV35N45.33  51E34.72 2300
DAMV*     0     1.00
GHIR28N29.72  52E50.62 1200
GHIR*     0     1.00
GHVR34N16.87  50E59.47  927
GHVR*     0     1.00
GIDE36N44.07  49E38.44 1836
GIDE*     0     1.00
GRMI39N11.61  48E19.61 1300
GRMI*     0     1.00
GTMR32N33.73  49E26.44  482
GTMR*     0     1.00
ILBA33N23.20  45E44.52  805
ILBA*     0     1.00
JSSH25N49.65  57E 4.07   31
JSSH*     0     1.00
KAGH36N51.50  59E45.53 1424
KAGH*     0     1.00
KHMZ33N27.44  49E37.14 1985
KHMZ*     0     1.00
KHRK29N10.41  49E57.94   36
KHRK*     0     1.00
KRBR29N38.27  57E13.01 2576
KRBR*     0     1.00
MAKU39N23.75  45E 7.69 1730
MAKU*     0     1.00
MRVT37N29.27  56E29.76  870
MRVT*     0     1.00
NASN32N56.99  53E13.97 2379
NASN*     0     1.00
RMKL30N33.10  50E 1.44  176
RMKL*     0     1.00
SHGR32N17.07  48E52.27  150
SHGR*     0     1.00
SHRO35N39.45  56E13.48 1264
SHRO*     0     1.00
SHRT34N 8.62  60E41.34  837
SHRT*     0     1.00
SNGE35N17.94  47E46.59 1940
SNGE*     0     1.00
SRSL36N 5.42  45E34.21 1747
SRSL*     0     1.00
TABS33N56.03  57E23.03 1106
TABS*     0     1.00
THKV35N49.55  50E54.72 1795
THKV*     0     1.00
YZKH32N 4.29  54E38.32 2226
YZKH*     0     1.00
ZHSF29N54.72  60E44.05 1575
ZHSF*     0     1.00
ZNJK36N52.44  49E 3.52 2200
ZNJK*     0     1.00
