ABGH36N40.05  54E42.46 1263
ABGH*     0     1.00
AHRM28N26.69  50E43.54   80
AHRM*     0     1.00
ASAO34N24.92  49E39.39 2217
ASAO*     0     1.00
BJRD37N13.47  57E 0.70 1337
BJRD*     0     1.00
BNDS27N19.96  56E20.44 1500
BNDS*     0     1.00
BSRN32N 2.43  59E 1.20 1416
BSRN*     0     1.00
CHBR25N31.91  60E19.14  125
CHBR*     0     1.00
CHTH36N 2.33  50E41.95 2350
CHTH*     0     1.00
DAMV36N 4.64  52E24.98 2300
DAMV*     0     1.00
GHIR28N43.23  53E17.59 1200
GHIR*     0     1.00
GHVR34N49.24  51E32.38  927
GHVR*     0     1.00
GIDE36N25.79  49E29.08 1836
GIDE*     0     1.00
GRMI38N19.18  48E 3.76 1300
GRMI*     0     1.00
GTMR32N 9.92  49E 2.16  482
GTMR*     0     1.00
ILBA33N56.79  46E 9.67  805
ILBA*     0     1.00
JSSH25N35.16  57E46.81   31
JSSH*     0     1.00
KAGH37N18.40  59E40.78 1424
KAGH*     0     1.00
KHMZ34N 2.40  49E42.47 1985
KHMZ*     0     1.00
KHRK29N12.08  50E39.06   36
KHRK*     0     1.00
KRBR29N47.59  56E31.22 2576
KRBR*     0     1.00
MAKU39N21.00  44E55.72 1730
MAKU*     0     1.00
MRVT37N45.65  56E19.18  870
MRVT*     0     1.00
NASN33N10.61  52E56.75 2379
NASN*     0     1.00
RMKL30N29.52  49E41.49  176
RMKL*     0     1.00
SHGR32N35.23  49E 0.59  150
SHGR*     0     1.00
SHRO36N 6.46  56E 1.82 1264
SHRO*     0     1.00
SHRT33N55.82  60E36.62  837
SHRT*     0     1.00
SNGE34N46.30  47E29.60 1940
SNGE*     0     1.00
SRSL36N41.54  45E15.24 1747
SRSL*     0     1.00
TABS33N39.92  57E12.32 1106
TABS*     0     1.00
THKV35N42.64  50E47.41 1795
THKV*     0     1.00
YZKH32N24.96  54E48.57 2226
YZKH*     0     1.00
ZHSF29N56.23  61E11.01 1575
ZHSF*     0     1.00
ZNJK36N38.45  49E 5.94 2200
ZNJK*     0     1.00
