ABGH36N21.05  55E17.40 1263
ABGH*     0     1.00
AHRM28N24.00  51E15.54   80
AHRM*     0     1.00
ASAO34N41.18  49E54.07 2217
ASAO*     0     1.00
BJRD38N 6.51  57E33.05 1337
BJRD*     0     1.00
BNDS27N 1.16  56E 9.90 1500
BNDS*     0     1.00
BSRN31N30.84  59E 5.60 1416
BSRN*     0     1.00
CHBR25N 7.76  60E45.99  125
CHBR*     0     1.00
CHTH36N 0.29  51E25.77 2350
CHTH*     0     1.00
DAMV35N23.03  51E33.83 2300
DAMV*     0     1.00
GHIR28N46.73  53E 1.68 1200
GHIR*     0     1.00
GHVR34N12.17  50E48.20  927
GHVR*     0     1.00
GIDE36N55.34  49E37.64 1836
GIDE*     0     1.00
GRMI38N51.75  47E50.25 1300
GRMI*     0     1.00
GTMR32N47.78  49E35.19  482
GTMR*     0     1.00
ILBA34N 3.15  45E58.80  805
ILBA*     0     1.00
JSSH26N 7.12  57E31.82   31
JSSH*     0     1.00
KAGH36N43.02  60E 1.62 1424
KAGH*     0     1.00
KHMZ33N57.32  50E11.02 1985
KHMZ*     0     1.00
KHRK29N18.30  50E18.72   36
KHRK*     0     1.00
KRBR29N42.23  57E 2.83 2576
KRBR*     0     1.00
MAKU39N26.47  44E22.18 1730
MAKU*     0     1.00
MRVT38N 3.00  56E33.17  870
MRVT*     0     1.00
NASN32N37.70  52E42.94 2379
NASN*     0     1.00
RMKL31N26.28  49E27.36  176
RMKL*     0     1.00
SHGR31N37.01  48E37.79  150
SHGR*     0     1.00
SHRO35N32.05  55E56.05 1264
SHRO*     0     1.00
SHRT33N40.64  60E 3.57  837
SHRT*     0     1.00
SNGE35N28.22  47E33.05 1940
SNGE*     0     1.00
SRSL36N30.12  45E45.92 1747
SRSL*     0     1.00
TABS33N19.83  57E31.58 1106
TABS*     0     1.00
THKV35N51.16  50E48.13 1795
THKV*     0     1.00
YZKH32N41.92  54E55.59 2226
YZKH*     0     1.00
ZHSF29N34.61  60E28.13 1575
ZHSF*     0     1.00
ZNJK36N54.99  49E 9.82 2200
ZNJK*     0     1.00
