ABGH36N16.54  55E11.10 1263
ABGH*     0     1.00
AHRM29N14.78  51E 6.29   80
AHRM*     0     1.00
ASAO34N40.56  50E31.30 2217
ASAO*     0     1.00
BJRD38N11.10  56E55.90 1337
BJRD*     0     1.00
BNDS27N50.60  55E59.47 1500
BNDS*     0     1.00
BSRN32N12.84  59E36.23 1416
BSRN*     0     1.00
CHBR25N51.23  60E51.35  125
CHBR*     0     1.00
CHTH35N55.58  51E13.54 2350
CHTH*     0     1.00
DAMV35N42.73  51E38.46 2300
DAMV*     0     1.00
GHIR28N24.70  52E34.44 1200
GHIR*     0     1.00
GHVR34N30.42  51E16.93  927
GHVR*     0     1.00
GIDE36N36.46  49E43.00 1836
GIDE*     0     1.00
GRMI38N22.50  48E 2.63 1300
GRMI*     0     1.00
GTMR32N 6.84  49E17.02  482
GTMR*     0     1.00
ILBA33N29.73  45E51.16  805
ILBA*     0     1.00
JSSH25N34.85  57E10.56   31
JSSH*     0     1.00
KAGH37N 2.62  60E20.29 1424
KAGH*     0     1.00
KHMZ33N53.81  49E50.80 1985
KHMZ*     0     1.00
KHRK29N34.93  50E31.67   36
KHRK*     0     1.00
KRBR29N52.06  56E47.22 2576
KRBR*     0     1.00
MAKU39N18.35  44E48.35 1730
MAKU*     0     1.00
MRVT37N48.16  55E43.11  870
MRVT*     0     1.00
NASN32N51.45  52E32.38 2379
NASN*     0     1.00
RMKL31N 4.60  49E23.33  176
RMKL*     0     1.00
SHGR32N 7.16  48E24.17  150
SHGR*     0     1.00
SHRO35N31.05  55E51.37 1264
SHRO*     0     1.00
SHRT33N19.05  60E34.70  837
SHRT*     0     1.00
SNGE34N44.65  47E28.45 1940
SNGE*     0     1.00
SRSL35N55.72  45E 5.60 1747
SRSL*     0     1.00
TABS33N40.97  57E14.79 1106
TABS*     0     1.00
THKV35N43.41  50E55.52 1795
THKV*     0     1.00
YZKH32N21.03  54E45.45 2226
YZKH*     0     1.00
ZHSF29N57.06  60E26.78 1575
ZHSF*     0     1.00
ZNJK36N27.79  48E45.76 2200
ZNJK*     0     1.00
