ABGH36N42.87  55E 3.77 1263
ABGH*     0     1.00
AHRM28N49.83  51E32.49   80
AHRM*     0     1.00
ASAO34N48.31  49E39.97 2217
ASAO*     0     1.00
BJRD37N22.24  57E36.18 1337
BJRD*     0     1.00
BNDS27N 3.22  56E12.75 1500
BNDS*     0     1.00
BSRN31N42.13  58E59.71 1416
BSRN*     0     1.00
CHBR25N20.63  60E44.38  125
CHBR*     0     1.00
CHTH36N11.79  51E 3.57 2350
CHTH*     0     1.00
DAMV35N18.06  52E25.26 2300
DAMV*     0     1.00
GHIR28N 2.27  53E 0.97 1200
GHIR*     0     1.00
GHVR34N34.74  51E23.13  927
GHVR*     0     1.00
GIDE36N53.45  49E48.08 1836
GIDE*     0     1.00
GRMI39N17.04  47E36.55 1300
GRMI*     0     1.00
GTMR32N 2.05  48E41.39  482
GTMR*     0     1.00
ILBA33N30.67  45E56.59  805
ILBA*     0     1.00
JSSH26N 7.83  57E44.13   31
JSSH*     0     1.00
KAGH37N13.38  60E 2.11 1424
KAGH*     0     1.00
KHMZ33N27.07  50E 0.02 1985
KHMZ*     0     1.00
KHRK29N35.17  50E31.98   36
KHRK*     0     1.00
KRBR29N45.74  56E47.92 2576
KRBR*     0     1.00
MAKU38N54.37  44E47.73 1730
MAKU*     0     1.00
MRVT37N38.06  56E12.42  870
MRVT*     0     1.00
NASN32N31.46  53E 9.42 2379
NASN*     0     1.00
RMKL31N15.93  49E50.05  176
RMKL*     0     1.00
SHGR32N25.50  49E16.63  150
SHGR*     0     1.00
SHRO36N 6.17  55E42.68 1264
SHRO*     0     1.00
SHRT33N54.91  60E15.26  837
SHRT*     0     1.00
SNGE34N53.88  47E30.64 1940
SNGE*     0     1.00
SRSL36N15.81  45E48.02 1747
SRSL*     0     1.00
TABS33N45.41  57E16.02 1106
TABS*     0     1.00
THKV36N11.13  50E36.88 1795
THKV*     0     1.00
YZKH32N11.89  54E13.43 2226
YZKH*     0     1.00
ZHSF29N33.94  60E27.57 1575
ZHSF*     0     1.00
ZNJK36N30.56  48E41.18 2200
ZNJK*     0     1.00
