ABGH36N25.19  54E22.98 1263
ABGH*     0     1.00
AHRM28N30.16  51E18.22   80
AHRM*     0     1.00
ASAO34N 6.61  49E35.82 2217
ASAO*     0     1.00
BJRD37N18.44  57E45.14 1337
BJRD*     0     1.00
BNDS26N58.91  56E 9.93 1500
BNDS*     0     1.00
BSRN31N30.37  58E59.24 1416
BSRN*     0     1.00
CHBR25N52.84  60E51.58  125
CHBR*     0     1.00
CHTH35N42.72  51E25.07 2350
CHTH*     0     1.00
DAMV36N 7.23  52E16.48 2300
DAMV*     0     1.00
GHIR28N 4.27  53E16.63 1200
GHIR*     0     1.00
GHVR34N22.78  51E37.03  927
GHVR*     0     1.00
GIDE36N39.44  49E30.32 1836
GIDE*     0     1.00
GRMI38N22.23  48E23.21 1300
GRMI*     0     1.00
GTMR32N13.43  48E57.58  482
GTMR*     0     1.00
ILBA33N57.38  46E11.88  805
ILBA*     0     1.00
JSSH25N56.34  57E 8.86   31
JSSH*     0     1.00
KAGH37N22.00  60E19.24 1424
KAGH*     0     1.00
KHMZ33N59.97  50E26.25 1985
KHMZ*     0     1.00
KHRK29N32.22  50E 8.05   36
KHRK*     0     1.00
KRBR29N59.36  57E14.34 2576
KRBR*     0     1.00
MAKU39N34.11  44E42.07 1730
MAKU*     0     1.00
MRVT37N42.17  56E34.02  870
MRVT*     0     1.00
NASN32N54.09  52E47.08 2379
NASN*     0     1.00
RMKL31N12.29  49E37.49  176
RMKL*     0     1.00
SHGR32N 9.52  48E29.52  150
SHGR*     0     1.00
SHRO36N24.65  55E48.23 1264
SHRO*     0     1.00
SHRT34N 4.73  60E21.91  837
SHRT*     0     1.00
SNGE34N36.28  47E24.15 1940
SNGE*     0     1.00
SRSL36N 8.58  44E59.85 1747
SRSL*     0     1.00
TABS33N25.61  57E28.76 1106
TABS*     0     1.00
THKV36N16.95  50E47.29 1795
THKV*     0     1.00
YZKH32N 9.02  54E 9.94 2226
YZKH*     0     1.00
ZHSF29N16.91  60E55.49 1575
ZHSF*     0     1.00
ZNJK36N21.38  48E41.07 2200
ZNJK*     0     1.00
