ABGH36N51.74  54E40.65 1263
ABGH*     0     1.00
AHRM29N 8.34  51E 7.91   80
AHRM*     0     1.00
ASAO34N22.65  50E30.91 2217
ASAO*     0     1.00
BJRD37N18.23  57E 2.74 1337
BJRD*     0     1.00
BNDS27N33.15  56E 2.97 1500
BNDS*     0     1.00
BSRN31N31.19  59E 2.53 1416
BSRN*     0     1.00
CHBR25N32.88  60E24.38  125
CHBR*     0     1.00
CHTH35N29.78  50E45.40 2350
CHTH*     0     1.00
DAMV35N54.42  52E11.10 2300
DAMV*     0     1.00
GHIR28N28.80  52E51.62 1200
GHIR*     0     1.00
GHVR34N 1.39  50E58.13  927
GHVR*     0     1.00
GIDE36N49.78  50E 1.05 1836
GIDE*     0     1.00
GRMI38N39.01  48E 3.74 1300
GRMI*     0     1.00
GTMR32N 6.41  48E40.46  482
GTMR*     0     1.00
ILBA33N47.98  46E 3.70  805
ILBA*     0     1.00
JSSH25N27.12  56E57.83   31
JSSH*     0     1.00
KAGH37N 4.57  60E 0.16 1424
KAGH*     0     1.00
KHMZ33N49.35  50E 6.88 1985
KHMZ*     0     1.00
KHRK29N23.64  50E18.58   36
KHRK*     0     1.00
KRBR30N16.06  56E21.63 2576
KRBR*     0     1.00
MAKU38N57.93  44E17.17 1730
MAKU*     0     1.00
MRVT37N19.86  56E 8.00  870
MRVT*     0     1.00
NASN32N27.01  53E11.24 2379
NASN*     0     1.00
RMKL31N13.80  50E17.39  176
RMKL*     0     1.00
SHGR32N 5.29  48E32.80  150
SHGR*     0     1.00
SHRO36N26.61  55E33.55 1264
SHRO*     0     1.00
SHRT33N51.19  60E10.40  837
SHRT*     0     1.00
SNGE35N26.19  46E59.12 1940
SNGE*     0     1.00
SRSL36N14.68  45E24.56 1747
SRSL*     0     1.00
TABS33N29.87  56E39.00 1106
TABS*     0     1.00
THKV35N50.94  50E32.64 1795
THKV*     0     1.00
YZKH32N17.34  54E42.79 2226
YZKH*     0     1.00
ZHSF29N38.04  61E 8.38 1575
ZHSF*     0     1.00
ZNJK36N32.39  48E50.48 2200
ZNJK*     0     1.00
