ABGH36N49.14  54E44.87 1263
ABGH*     0     1.00
AHRM28N24.74  50E56.69   80
AHRM*     0     1.00
ASAO34N14.64  50E26.41 2217
ASAO*     0     1.00
BJRD37N49.65  57E19.06 1337
BJRD*     0     1.00
BNDS27N51.97  55E43.45 1500
BNDS*     0     1.00
BSRN31N31.80  58E58.93 1416
BSRN*     0     1.00
CHBR25N15.97  60E51.49  125
CHBR*     0     1.00
CHTH35N36.62  51E27.27 2350
CHTH*     0     1.00
DAMV35N14.12  51E36.90 2300
DAMV*     0     1.00
GHIR28N33.03  52E51.92 1200
GHIR*     0     1.00
GHVR34N29.39  51E35.69  927
GHVR*     0     1.00
GIDE36N56.43  49E53.50 1836
GIDE*     0     1.00
GRMI38N58.84  48E 5.33 1300
GRMI*     0     1.00
GTMR32N15.89  49E34.73  482
GTMR*     0     1.00
ILBA33N36.33  45E57.90  805
ILBA*     0     1.00
JSSH25N55.56  57E 1.86   31
JSSH*     0     1.00
KAGH37N23.15  60E15.69 1424
KAGH*     0     1.00
KHMZ34N 0.20  50E19.60 1985
KHMZ*     0     1.00
KHRK29N12.11  50E 5.63   36
KHRK*     0     1.00
KRBR30N12.12  56E54.74 2576
KRBR*     0     1.00
MAKU38N51.86  44E11.62 1730
MAKU*     0     1.00
MRVT37N48.98  56E27.03  870
MRVT*     0     1.00
NASN33N 7.80  53E15.87 2379
NASN*     0     1.00
RMKL30N43.79  49E44.14  176
RMKL*     0     1.00
SHGR32N30.24  49E10.69  150
SHGR*     0     1.00
SHRO36N23.99  55E33.60 1264
SHRO*     0     1.00
SHRT33N26.64  60E34.32  837
SHRT*     0     1.00
SNGE35N14.44  47E35.30 1940
SNGE*     0     1.00
SRSL36N11.86  45E16.82 1747
SRSL*     0     1.00
TABS34N 4.51  57E34.18 1106
TABS*     0     1.00
THKV35N39.38  51E 0.17 1795
THKV*     0     1.00
YZKH31N56.69  54E52.21 2226
YZKH*     0     1.00
ZHSF29N 7.02  60E35.49 1575
ZHSF*     0     1.00
ZNJK36N57.30  48E52.50 2200
ZNJK*     0     1.00
