ABGH36N40.56  55E 6.29 1263
ABGH*     0     1.00
AHRM29N21.14  51E30.97   80
AHRM*     0     1.00
ASAO34N45.24  49E35.58 2217
ASAO*     0     1.00
BJRD38N 0.42  57E11.23 1337
BJRD*     0     1.00
BNDS27N 0.16  56E 2.69 1500
BNDS*     0     1.00
BSRN32N21.75  59E 6.37 1416
BSRN*     0     1.00
CHBR25N49.81  60E40.44  125
CHBR*     0     1.00
CHTH35N27.58  51E16.52 2350
CHTH*     0     1.00
DAMV36N 4.86  51E54.41 2300
DAMV*     0     1.00
GHIR28N45.46  52E56.86 1200
GHIR*     0     1.00
GHVR34N37.30  51E32.62  927
GHVR*     0     1.00
GIDE36N43.57  50E 0.72 1836
GIDE*     0     1.00
GRMI39N 4.83  47E36.80 1300
GRMI*     0     1.00
GTMR32N41.34  49E34.77  482
GTMR*     0     1.00
ILBA33N40.18  45E56.11  805
ILBA*     0     1.00
JSSH25N56.61  57E 1.02   31
JSSH*     0     1.00
KAGH37N 0.62  60E 2.10 1424
KAGH*     0     1.00
KHMZ33N58.06  50E 6.92 1985
KHMZ*     0     1.00
KHRK29N 1.01  50E13.76   36
KHRK*     0     1.00
KRBR30N23.15  56E39.68 2576
KRBR*     0     1.00
MAKU39N22.34  44E21.65 1730
MAKU*     0     1.00
MRVT37N40.16  55E47.06  870
MRVT*     0     1.00
NASN33N10.11  52E47.30 2379
NASN*     0     1.00
RMKL31N 6.87  50E12.29  176
RMKL*     0     1.00
SHGR31N58.94  48E49.22  150
SHGR*     0     1.00
SHRO36N11.75  56E 7.06 1264
SHRO*     0     1.00
SHRT33N10.05  59E59.26  837
SHRT*     0     1.00
SNGE34N51.83  47E18.74 1940
SNGE*     0     1.00
SRSL36N25.18  45E46.69 1747
SRSL*     0     1.00
TABS33N34.92  57E28.48 1106
TABS*     0     1.00
THKV36N 3.04  51E12.35 1795
THKV*     0     1.00
YZKH32N45.48  54E43.79 2226
YZKH*     0     1.00
ZHSF29N 9.08  61E14.18 1575
ZHSF*     0     1.00
ZNJK36N30.22  48E41.63 2200
ZNJK*     0     1.00
