ABGH36N22.01  54E44.18 1263
ABGH*     0     1.00
AHRM28N51.02  51E 6.17   80
AHRM*     0     1.00
ASAO34N16.66  49E31.67 2217
ASAO*     0     1.00
BJRD37N55.57  57E42.33 1337
BJRD*     0     1.00
BNDS27N18.77  55E58.79 1500
BNDS*     0     1.00
BSRN32N14.71  59E26.78 1416
BSRN*     0     1.00
CHBR25N42.01  60E24.63  125
CHBR*     0     1.00
CHTH35N36.83  50E39.71 2350
CHTH*     0     1.00
DAMV35N32.84  52E19.61 2300
DAMV*     0     1.00
GHIR28N10.18  53E27.47 1200
GHIR*     0     1.00
GHVR34N12.99  51E43.16  927
GHVR*     0     1.00
GIDE36N26.77  49E52.39 1836
GIDE*     0     1.00
GRMI39N15.52  48E 2.20 1300
GRMI*     0     1.00
GTMR32N50.89  49E15.65  482
GTMR*     0     1.00
ILBA33N33.32  45E57.59  805
ILBA*     0     1.00
JSSH26N 2.74  56E59.94   31
JSSH*     0     1.00
KAGH36N48.09  59E33.27 1424
KAGH*     0     1.00
KHMZ33N49.49  49E45.15 1985
KHMZ*     0     1.00
KHRK28N47.75  50E40.23   36
KHRK*     0     1.00
KRBR29N52.66  56E57.49 2576
KRBR*     0     1.00
MAKU39N16.49  44E49.65 1730
MAKU*     0     1.00
MRVT37N31.32  55E39.14  870
MRVT*     0     1.00
NASN33N 1.68  52E57.58 2379
NASN*     0     1.00
RMKL31N 3.42  49E19.19  176
RMKL*     0     1.00
SHGR32N36.40  49E11.81  150
SHGR*     0     1.00
SHRO36N19.00  55E34.05 1264
SHRO*     0     1.00
SHRT33N20.79  59E55.26  837
SHRT*     0     1.00
SNGE34N38.01  47E30.45 1940
SNGE*     0     1.00
SRSL36N41.10  45E19.27 1747
SRSL*     0     1.00
TABS33N34.05  57E25.62 1106
TABS*     0     1.00
THKV35N26.75  51E19.29 1795
THKV*     0     1.00
YZKH32N26.11  54E37.92 2226
YZKH*     0     1.00
ZHSF29N15.79  60E30.93 1575
ZHSF*     0     1.00
ZNJK36N59.23  48E55.28 2200
ZNJK*     0     1.00
