ABGH36N39.51  54E34.25 1263
ABGH*     0     1.00
AHRM29N 1.45  51E 6.95   80
AHRM*     0     1.00
ASAO34N36.92  49E57.59 2217
ASAO*     0     1.00
BJRD38N 1.50  57E31.42 1337
BJRD*     0     1.00
BNDS27N 5.94  55E53.29 1500
BNDS*     0     1.00
BSRN32N 3.35  59E13.30 1416
BSRN*     0     1.00
CHBR25N58.61  60E18.69  125
CHBR*     0     1.00
CHTH35N42.21  51E20.87 2350
CHTH*     0     1.00
DAMV35N43.29  52E10.91 2300
DAMV*     0     1.00
GHIR28N14.70  53E 9.63 1200
GHIR*     0     1.00
GHVR34N48.81  51E27.38  927
GHVR*     0     1.00
GIDE36N50.37  49E42.21 1836
GIDE*     0     1.00
GRMI38N42.32  47E44.07 1300
GRMI*     0     1.00
GTMR32N37.94  49E16.50  482
GTMR*     0     1.00
ILBA33N43.36  46E 6.66  805
ILBA*     0     1.00
JSSH25N55.71  57E41.79   31
JSSH*     0     1.00
KAGH37N20.47  60E 6.04 1424
KAGH*     0     1.00
KHMZ33N50.06  50E 1.83 1985
KHMZ*     0     1.00
KHRK29N17.84  50E22.53   36
KHRK*     0     1.00
KRBR29N34.36  56E36.66 2576
KRBR*     0     1.00
MAKU39N17.24  44E34.74 1730
MAKU*     0     1.00
MRVT38N 4.71  55E57.86  870
MRVT*     0     1.00
NASN32N48.78  53E 3.05 2379
NASN*     0     1.00
RMKL31N11.13  49E47.91  176
RMKL*     0     1.00
SHGR32N25.97  48E18.13  150
SHGR*     0     1.00
SHRO35N56.50  56E 0.45 1264
SHRO*     0     1.00
SHRT33N 9.21  60E13.47  837
SHRT*     0     1.00
SNGE34N56.68  47E18.33 1940
SNGE*     0     1.00
SRSL36N 9.66  45E50.48 1747
SRSL*     0     1.00
TABS33N24.98  57E14.53 1106
TABS*     0     1.00
THKV36N10.71  50E42.03 1795
THKV*     0     1.00
YZKH32N14.88  54E42.83 2226
YZKH*     0     1.00
ZHSF29N31.42  60E34.48 1575
ZHSF*     0     1.00
ZNJK36N34.02  48E39.41 2200
ZNJK*     0     1.00
