ABGH36N44.10 054E47.96 1263
ABGH*     0     1.00
AHRM28N51.83 051E 7.55 0080
AHRM*     0     1.00
ASAO34N32.87 050E 1.53 2217
ASAO*     0     1.00
BJRD37N42.00 057E24.64 1337
BJRD*     0     1.00
BNDS27N23.96 056E10.28 1500
BNDS*     0     1.00
BSRN31N57.91 059E 7.55 1416
BSRN*     0     1.00
CHBR25N35.73 060E28.93 0125
CHBR*     0     1.00
CHTH35N54.47 051E 7.55 2350
CHTH*     0     1.00
DAMV35N37.82 051E58.29 2300
DAMV*     0     1.00
GHIR28N17.14 052E59.20 1200
GHIR*     0     1.00
GHVR34N28.80 051E14.72 0927
GHVR*     0     1.00
GIDE36N55.38 049E49.55 1836
GIDE*     0     1.00
GRMI38N48.49 047E53.63 1300
GRMI*     0     1.00
GTMR32N28.23 049E 6.74 0482
GTMR*     0     1.00
ILBA33N37.47 046E12.45 0805
ILBA*     0     1.00
JSSH25N54.56 057E23.23 0031
JSSH*     0     1.00
KAGH36N56.28 059E57.49 1424
KAGH*     0     1.00
KHMZ33N44.38 049E57.85 1985
KHMZ*     0     1.00
KHRK29N15.26 050E18.80 0036
KHRK*     0     1.00
KRBR29N58.94 056E45.62 2576
KRBR*     0     1.00
MAKU39N21.29 044E41.01 1730
MAKU*     0     1.00
MRVT37N39.56 056E 5.35 0870
MRVT*     0     1.00
NASN32N47.95 052E48.50 2379
NASN*     0     1.00
RMKL30N58.92 049E48.54 0176
RMKL*     0     1.00
SHGR32N 6.50 048E48.08 0150
SHGR*     0     1.00
SHRO36N 0.51 056E 0.77 1264
SHRO*     0     1.00
SHRT33N38.77 060E17.46 0837
SHRT*     0     1.00
SNGE35N 5.55 047E20.82 1940
SNGE*     0     1.00
SRSL36N12.73 045E26.03 1747
SRSL*     0     1.00
TABS33N38.94 057E 7.14 1106
TABS*     0     1.00
THKV35N54.96 050E52.74 1795
THKV*     0     1.00
YZKH32N23.41 054E35.50 2226
YZKH*     0     1.00
ZHSF29N36.65 060E46.01 1575
ZHSF*     0     1.00
ZNJK36N40.25 048E41.10 2200
ZNJK*     0     1.00
