ABGH36N44.10  54E47.96 1263
ABGH*     0     1.00
AHRM28N51.83  51E 7.55   80
AHRM*     0     1.00
ASAO34N32.87  50E 1.53 2217
ASAO*     0     1.00
BJRD37N42.00  57E24.64 1337
BJRD*     0     1.00
BNDS27N23.96  56E10.28 1500
BNDS*     0     1.00
BSRN31N57.91  59E 7.55 1416
BSRN*     0     1.00
CHBR25N35.73  60E28.93  125
CHBR*     0     1.00
CHTH35N54.47  51E 7.55 2350
CHTH*     0     1.00
DAMV35N37.82  51E58.29 2300
DAMV*     0     1.00
GHIR28N17.14  52E59.20 1200
GHIR*     0     1.00
GHVR34N28.80  51E14.72  927
GHVR*     0     1.00
GIDE36N55.38  49E49.55 1836
GIDE*     0     1.00
GRMI38N48.49  47E53.63 1300
GRMI*     0     1.00
GTMR32N28.23  49E 6.74  482
GTMR*     0     1.00
ILBA33N37.47  46E12.45  805
ILBA*     0     1.00
JSSH25N54.56  57E23.23   31
JSSH*     0     1.00
KAGH36N56.28  59E57.49 1424
KAGH*     0     1.00
KHMZ33N44.38  49E57.85 1985
KHMZ*     0     1.00
KHRK29N15.26  50E18.80   36
KHRK*     0     1.00
KRBR29N58.94  56E45.62 2576
KRBR*     0     1.00
MAKU39N21.29  44E41.01 1730
MAKU*     0     1.00
MRVT37N39.56  56E 5.35  870
MRVT*     0     1.00
NASN32N47.95  52E48.50 2379
NASN*     0     1.00
RMKL30N58.92  49E48.54  176
RMKL*     0     1.00
SHGR32N 6.50  48E48.08  150
SHGR*     0     1.00
SHRO36N 0.51  56E 0.77 1264
SHRO*     0     1.00
SHRT33N38.77  60E17.46  837
SHRT*     0     1.00
SNGE35N 5.55  47E20.82 1940
SNGE*     0     1.00
SRSL36N12.73  45E26.03 1747
SRSL*     0     1.00
TABS33N38.94  57E 7.14 1106
TABS*     0     1.00
THKV35N54.96  50E52.74 1795
THKV*     0     1.00
YZKH32N23.41  54E35.50 2226
YZKH*     0     1.00
ZHSF29N36.65  60E46.01 1575
ZHSF*     0     1.00
ZNJK36N40.25  48E41.10 2200
ZNJK*     0     1.00
