 *** Hypoellipse: Unix/Non-Xpick/Y2K version 3.9 2/11/2000  ***
  Configured for up to 2600 stations in station list
  and up to 1501 records per earthquake.
  Run on 01/01/01 at 19:50
 jump default.cfg                                                                                              
 begin station list +1 19800101                                                  
 jump to hypoel.pha                                        
                                              ----------------------------------------------------------------
                                              ----------------------------------------------------------------
                                              ----------------------------------------------------------------
 10/01/01    02:35      earthquake location                                        
         -az/dp--step---se =az/dp==step===se -az/dp--step---se
         296/ 0  .000 1.08  26/ 0 .0246 2.83   0/90 -.217 99.0                                                                       

 horizontal and vertical single variable standard deviations (68% - one degree of freedom; max 99 km)
       seh =    .58             seh =   1.51             sez =  33.33   quality = d
       az  =   -64.             az  =    26.

 se of orig =  10.00; # of iterations =  14; dmax =    1200.00; sequence number =      
 event type = " "; processing status = " "
 closest station did not use both p and s

    date    origin      lat      long    depth    mag no d1 gap d  rms    avwt   se
 19100101  234 53.78 40n35.00  51e48.50   8.00        10389 230 1  .3217  1.00   .10

    seh  sez q sqd  adj in nr   avr  aar nm avxm mdxm sdxm nf avfm mdfm sdfm   vpvs
    1.5 33.3 d c d  .11 10 10  .000 .277  0             .0  0             .0   .000

                      -- travel times and delays --
  stn c pha remk p p-sec s-sec resid  std-er   dist  azm ain    tc c vthk  ttob-ttcal-dlay-edly=resid rmk stn pha sources
 grmi z      P     50.28        -.34     .10  389.3  241  47       1      56.50 56.67      .179  -.34    grmi            
 mrvt z      P     03.15        -.20     .15  492.2  130  47       1      69.37 69.45      .119  -.20    mrvt            
 chth z      P     06.84        -.46     .11  522.3  187  47       1      73.06 73.20      .323  -.46    chth            
 damv z      P     10.94         .23     .11  549.9  178  47       1      77.16 76.62      .316   .23    damv            
 maku z      P     20.07         .28     .10  623.6  260  47       1      86.29 85.78      .238   .28    maku            
 ghvr z      P     27.18         .61     .12  679.1  184  47       1      93.40 92.67      .127   .61    ghvr            
 asao z      P     27.95         .10     .11  688.0  194  47       1      94.17 93.77      .305   .10    asao            
 snge e      P     32.27        -.10     .11  724.6  214  47       1      98.49 98.33      .266  -.10    snge            
 nasn n      P     50.21        -.06     .17  868.2  174  47       1     116.43116.16      .327  -.06    nasn            
 tabs z      P     54.13        -.18     .33  902.1  147  47       1     120.35120.38      .152  -.18    tabs            

                                     -- magnitude data --
  stn c source sys    c10   amx gr ink     amf    per   unit/mm  gnd mot u xmgc xmag  fmp fmag
 jump back to main input stream.

 sound bell 
  completed reading input phase file
 average rms of all events =     .32174
 average vp/vs ratio =        .00 for    0 events.  standard deviation of ratio =        .00

 ***** class/     a     b     c     d total *****

      number/    .0    .0    .0   1.0   1.0

  percentage/    .0    .0    .0 100.0

   include only class d and better in the following statistics.

          ----------- p residuals --------------    ----------- s residuals -------------
           no event wting        event wting         no event wting        event wting
 station  n  wt  ave   sd     n   wt  ave   sd      n  wt   ave  sd     n   wt   ave  sd    station
   asaoz   1  .8  .097  .000   1  4.7  .097  .000    0  .0  .000  .000   0   .0  .000  .000   asao
   chthz   1  .9 -.456  .000   1  5.2 -.456  .000    0  .0  .000  .000   0   .0  .000  .000   chth
   damvz   1  .8  .229  .000   1  4.7  .229  .000    0  .0  .000  .000   0   .0  .000  .000   damv
   ghvrz   1  .7  .607  .000   1  4.2  .607  .000    0  .0  .000  .000   0   .0  .000  .000   ghvr
   grmiz   1 1.0 -.342  .000   1  6.0 -.342  .000    0  .0  .000  .000   0   .0  .000  .000   grmi
   makuz   1 1.0  .279  .000   1  5.9  .279  .000    0  .0  .000  .000   0   .0  .000  .000   maku
   mrvtz   1  .5 -.202  .000   1  2.7 -.202  .000    0  .0  .000  .000   0   .0  .000  .000   mrvt
   nasnn   1  .3 -.056  .000   1  2.1 -.056  .000    0  .0  .000  .000   0   .0  .000  .000   nasn
   sngee   1  .9 -.102  .000   1  5.3 -.102  .000    0  .0  .000  .000   0   .0  .000  .000   snge
   tabsz   1  .1 -.178  .000   1   .5 -.178  .000    0  .0  .000  .000   0   .0  .000  .000   tabs

           s-p residuals        x-mag res       f-mag res
 station  n  wt  ave   sd     n  ave   sd     n  ave   sd
 irelo =  0 nreloc =  0
